# JRE version: OpenJDK Runtime Environment (8.0_292-b10) (build 1.8.0_292-b10)
# Java VM: OpenJDK 64-Bit Server VM (25.292-b10 mixed mode bsd-amd64 compressed oops)
Heap:
 PSYoungGen      total 433664K, used 136195K [0x0000000795580000, 0x00000007b0d00000, 0x00000007c0000000)
  eden space 418304K, 32% used [0x0000000795580000,0x000000079da80f78,0x00000007aee00000)
  from space 15360K, 0% used [0x00000007afe00000,0x00000007afe00000,0x00000007b0d00000)
  to   space 15872K, 0% used [0x00000007aee00000,0x00000007aee00000,0x00000007afd80000)
 ParOldGen       total 70144K, used 22938K [0x0000000740000000, 0x0000000744480000, 0x0000000795580000)
  object space 70144K, 32% used [0x0000000740000000,0x0000000741666af0,0x0000000744480000)
 Metaspace       used 58305K, capacity 61706K, committed 61952K, reserved 1103872K
  class space    used 7165K, capacity 7865K, committed 7936K, reserved 1048576K
GC Heap History (10 events):
Event: 1259.322 GC heap before
{Heap before GC invocations=19 (full 7):
 PSYoungGen      total 435200K, used 6929K [0x0000000795580000, 0x00000007b0f00000, 0x00000007c0000000)
  eden space 418304K, 0% used [0x0000000795580000,0x0000000795580000,0x00000007aee00000)
  from space 16896K, 41% used [0x00000007afe80000,0x00000007b0544578,0x00000007b0f00000)
  to   space 16896K, 0% used [0x00000007aee00000,0x00000007aee00000,0x00000007afe80000)
 ParOldGen       total 70144K, used 21705K [0x0000000740000000, 0x0000000744480000, 0x0000000795580000)
  object space 70144K, 30% used [0x0000000740000000,0x0000000741532498,0x0000000744480000)
 Metaspace       used 57348K, capacity 60480K, committed 60800K, reserved 1101824K
  class space    used 7077K, capacity 7693K, committed 7808K, reserved 1048576K
Event: 1259.409 GC heap after
Heap after GC invocations=19 (full 7):
 PSYoungGen      total 435200K, used 0K [0x0000000795580000, 0x00000007b0f00000, 0x00000007c0000000)
  eden space 418304K, 0% used [0x0000000795580000,0x0000000795580000,0x00000007aee00000)
  from space 16896K, 0% used [0x00000007afe80000,0x00000007afe80000,0x00000007b0f00000)
  to   space 16896K, 0% used [0x00000007aee00000,0x00000007aee00000,0x00000007afe80000)
 ParOldGen       total 70144K, used 22566K [0x0000000740000000, 0x0000000744480000, 0x0000000795580000)
  object space 70144K, 32% used [0x0000000740000000,0x0000000741609b98,0x0000000744480000)
 Metaspace       used 57346K, capacity 60474K, committed 60800K, reserved 1101824K
  class space    used 7076K, capacity 7691K, committed 7808K, reserved 1048576K
}
Event: 1283.747 GC heap before
{Heap before GC invocations=20 (full 7):
 PSYoungGen      total 435200K, used 109945K [0x0000000795580000, 0x00000007b0f00000, 0x00000007c0000000)
  eden space 418304K, 26% used [0x0000000795580000,0x000000079c0de748,0x00000007aee00000)
  from space 16896K, 0% used [0x00000007afe80000,0x00000007afe80000,0x00000007b0f00000)
  to   space 16896K, 0% used [0x00000007aee00000,0x00000007aee00000,0x00000007afe80000)
 ParOldGen       total 70144K, used 22566K [0x0000000740000000, 0x0000000744480000, 0x0000000795580000)
  object space 70144K, 32% used [0x0000000740000000,0x0000000741609b98,0x0000000744480000)
 Metaspace       used 57602K, capacity 60944K, committed 61056K, reserved 1101824K
  class space    used 7103K, capacity 7757K, committed 7808K, reserved 1048576K
Event: 1283.755 GC heap after
Heap after GC invocations=20 (full 7):
 PSYoungGen      total 424960K, used 6173K [0x0000000795580000, 0x00000007b0e00000, 0x00000007c0000000)
  eden space 418304K, 0% used [0x0000000795580000,0x0000000795580000,0x00000007aee00000)
  from space 6656K, 92% used [0x00000007aee00000,0x00000007af407698,0x00000007af480000)
  to   space 16384K, 0% used [0x00000007afe00000,0x00000007afe00000,0x00000007b0e00000)
 ParOldGen       total 70144K, used 22566K [0x0000000740000000, 0x0000000744480000, 0x0000000795580000)
  object space 70144K, 32% used [0x0000000740000000,0x0000000741609b98,0x0000000744480000)
 Metaspace       used 57602K, capacity 60944K, committed 61056K, reserved 1101824K
  class space    used 7103K, capacity 7757K, committed 7808K, reserved 1048576K
}
Event: 1283.755 GC heap before
{Heap before GC invocations=21 (full 8):
 PSYoungGen      total 424960K, used 6173K [0x0000000795580000, 0x00000007b0e00000, 0x00000007c0000000)
  eden space 418304K, 0% used [0x0000000795580000,0x0000000795580000,0x00000007aee00000)
  from space 6656K, 92% used [0x00000007aee00000,0x00000007af407698,0x00000007af480000)
  to   space 16384K, 0% used [0x00000007afe00000,0x00000007afe00000,0x00000007b0e00000)
 ParOldGen       total 70144K, used 22566K [0x0000000740000000, 0x0000000744480000, 0x0000000795580000)
  object space 70144K, 32% used [0x0000000740000000,0x0000000741609b98,0x0000000744480000)
 Metaspace       used 57602K, capacity 60944K, committed 61056K, reserved 1101824K
  class space    used 7103K, capacity 7757K, committed 7808K, reserved 1048576K
Event: 1283.897 GC heap after
Heap after GC invocations=21 (full 8):
 PSYoungGen      total 424960K, used 0K [0x0000000795580000, 0x00000007b0e00000, 0x00000007c0000000)
  eden space 418304K, 0% used [0x0000000795580000,0x0000000795580000,0x00000007aee00000)
  from space 6656K, 0% used [0x00000007aee00000,0x00000007aee00000,0x00000007af480000)
  to   space 16384K, 0% used [0x00000007afe00000,0x00000007afe00000,0x00000007b0e00000)
 ParOldGen       total 70144K, used 22496K [0x0000000740000000, 0x0000000744480000, 0x0000000795580000)
  object space 70144K, 32% used [0x0000000740000000,0x00000007415f8118,0x0000000744480000)
 Metaspace       used 57599K, capacity 60938K, committed 61056K, reserved 1101824K
  class space    used 7102K, capacity 7755K, committed 7808K, reserved 1048576K
}
Event: 1581.785 GC heap before
{Heap before GC invocations=22 (full 8):
 PSYoungGen      total 424960K, used 133635K [0x0000000795580000, 0x00000007b0e00000, 0x00000007c0000000)
  eden space 418304K, 31% used [0x0000000795580000,0x000000079d800dc8,0x00000007aee00000)
  from space 6656K, 0% used [0x00000007aee00000,0x00000007aee00000,0x00000007af480000)
  to   space 16384K, 0% used [0x00000007afe00000,0x00000007afe00000,0x00000007b0e00000)
 ParOldGen       total 70144K, used 22496K [0x0000000740000000, 0x0000000744480000, 0x0000000795580000)
  object space 70144K, 32% used [0x0000000740000000,0x00000007415f8118,0x0000000744480000)
 Metaspace       used 57970K, capacity 61302K, committed 61568K, reserved 1103872K
  class space    used 7137K, capacity 7802K, committed 7808K, reserved 1048576K
Event: 1581.819 GC heap after
Heap after GC invocations=22 (full 8):
 PSYoungGen      total 433664K, used 6569K [0x0000000795580000, 0x00000007b0d00000, 0x00000007c0000000)
  eden space 418304K, 0% used [0x0000000795580000,0x0000000795580000,0x00000007aee00000)
  from space 15360K, 42% used [0x00000007afe00000,0x00000007b046a528,0x00000007b0d00000)
  to   space 15872K, 0% used [0x00000007aee00000,0x00000007aee00000,0x00000007afd80000)
 ParOldGen       total 70144K, used 22504K [0x0000000740000000, 0x0000000744480000, 0x0000000795580000)
  object space 70144K, 32% used [0x0000000740000000,0x00000007415fa118,0x0000000744480000)
 Metaspace       used 57970K, capacity 61302K, committed 61568K, reserved 1103872K
  class space    used 7137K, capacity 7802K, committed 7808K, reserved 1048576K
}
Event: 1581.819 GC heap before
{Heap before GC invocations=23 (full 9):
 PSYoungGen      total 433664K, used 6569K [0x0000000795580000, 0x00000007b0d00000, 0x00000007c0000000)
  eden space 418304K, 0% used [0x0000000795580000,0x0000000795580000,0x00000007aee00000)
  from space 15360K, 42% used [0x00000007afe00000,0x00000007b046a528,0x00000007b0d00000)
  to   space 15872K, 0% used [0x00000007aee00000,0x00000007aee00000,0x00000007afd80000)
 ParOldGen       total 70144K, used 22504K [0x0000000740000000, 0x0000000744480000, 0x0000000795580000)
  object space 70144K, 32% used [0x0000000740000000,0x00000007415fa118,0x0000000744480000)
 Metaspace       used 57970K, capacity 61302K, committed 61568K, reserved 1103872K
  class space    used 7137K, capacity 7802K, committed 7808K, reserved 1048576K
Event: 1581.963 GC heap after
Heap after GC invocations=23 (full 9):
 PSYoungGen      total 433664K, used 0K [0x0000000795580000, 0x00000007b0d00000, 0x00000007c0000000)
  eden space 418304K, 0% used [0x0000000795580000,0x0000000795580000,0x00000007aee00000)
  from space 15360K, 0% used [0x00000007afe00000,0x00000007afe00000,0x00000007b0d00000)
  to   space 15872K, 0% used [0x00000007aee00000,0x00000007aee00000,0x00000007afd80000)
 ParOldGen       total 70144K, used 22938K [0x0000000740000000, 0x0000000744480000, 0x0000000795580000)
  object space 70144K, 32% used [0x0000000740000000,0x0000000741666af0,0x0000000744480000)
 Metaspace       used 57967K, capacity 61296K, committed 61568K, reserved 1103872K
  class space    used 7137K, capacity 7800K, committed 7808K, reserved 1048576K
}

